<?xml version="1.0" encoding="UTF-8"?>
<testng-results ignored="0" total="1" passed="1" failed="0" skipped="0">
  <reporter-output>
    <line>
      <![CDATA[Before method ]]>
    </line>
  </reporter-output>
  <suite started-at="2022-07-21T15:44:49 IST" name="Default suite" finished-at="2022-07-21T15:45:20 IST" duration-ms="30643">
    <groups>
    </groups>
    <test started-at="2022-07-21T15:44:49 IST" name="Default test" finished-at="2022-07-21T15:45:20 IST" duration-ms="30643">
      <class name="module1_login_test.KiteLoginTest">
        <test-method is-config="true" signature="before()[pri:0, instance:module1_login_test.KiteLoginTest@7e5afaa6]" started-at="2022-07-21T15:44:49 IST" name="before" finished-at="2022-07-21T15:45:09 IST" duration-ms="20024" status="PASS">
          <reporter-output>
            <line>
              <![CDATA[Before method ]]>
            </line>
          </reporter-output>
        </test-method> <!-- before -->
        <test-method signature="veriftyUserID()[pri:0, instance:module1_login_test.KiteLoginTest@7e5afaa6]" started-at="2022-07-21T15:45:09 IST" name="veriftyUserID" finished-at="2022-07-21T15:45:17 IST" duration-ms="8181" status="PASS">
          <reporter-output>
          </reporter-output>
        </test-method> <!-- veriftyUserID -->
        <test-method is-config="true" signature="CloseBrower()[pri:0, instance:module1_login_test.KiteLoginTest@7e5afaa6]" started-at="2022-07-21T15:45:17 IST" name="CloseBrower" finished-at="2022-07-21T15:45:20 IST" duration-ms="2329" status="PASS">
          <reporter-output>
          </reporter-output>
        </test-method> <!-- CloseBrower -->
      </class> <!-- module1_login_test.KiteLoginTest -->
    </test> <!-- Default test -->
  </suite> <!-- Default suite -->
</testng-results>
