<?xml version="1.0" encoding="UTF-8"?>
<testng-results ignored="0" total="1" passed="1" failed="0" skipped="0">
  <reporter-output>
  </reporter-output>
  <suite started-at="2022-07-21T00:36:40 IST" name="Default suite" finished-at="2022-07-21T00:37:02 IST" duration-ms="21431">
    <groups>
    </groups>
    <test started-at="2022-07-21T00:36:40 IST" name="Default test" finished-at="2022-07-21T00:37:02 IST" duration-ms="21431">
      <class name="module1_login_test.KiteLoginTest">
        <test-method signature="veriftyUserID()[pri:0, instance:module1_login_test.KiteLoginTest@2053d869]" started-at="2022-07-21T00:36:40 IST" name="veriftyUserID" finished-at="2022-07-21T00:37:02 IST" duration-ms="21311" status="PASS">
          <reporter-output>
          </reporter-output>
        </test-method> <!-- veriftyUserID -->
      </class> <!-- module1_login_test.KiteLoginTest -->
    </test> <!-- Default test -->
  </suite> <!-- Default suite -->
</testng-results>
